{
  "RSpec": {
    "coverage": {
      "/Users/jimmyjurado/Turing/3mod/projects/challenges/rails_engine_fe_7/config/environment.rb": {
        "lines": [
          null,
          1,
          null,
          null,
          1
        ]
      },
      "/Users/jimmyjurado/Turing/3mod/projects/challenges/rails_engine_fe_7/config/application.rb": {
        "lines": [
          1,
          null,
          1,
          null,
          1,
          1,
          1,
          1,
          1,
          1,
          1,
          1,
          1,
          1,
          null,
          null,
          null,
          null,
          1,
          null,
          1,
          1,
          null,
          1,
          null,
          null,
          null,
          null,
          null,
          null,
          null,
          null,
          null,
          null,
          1,
          null,
          null
        ]
      },
      "/Users/jimmyjurado/Turing/3mod/projects/challenges/rails_engine_fe_7/config/boot.rb": {
        "lines": [
          1,
          null,
          1,
          1
        ]
      },
      "/Users/jimmyjurado/Turing/3mod/projects/challenges/rails_engine_fe_7/config/environments/test.rb": {
        "lines": [
          1,
          null,
          null,
          null,
          null,
          null,
          null,
          1,
          null,
          null,
          null,
          1,
          null,
          null,
          null,
          null,
          1,
          null,
          null,
          1,
          1,
          null,
          null,
          null,
          null,
          1,
          1,
          1,
          null,
          null,
          1,
          null,
          null,
          1,
          null,
          null,
          1,
          null,
          1,
          null,
          null,
          null,
          null,
          1,
          null,
          null,
          1,
          null,
          null,
          1,
          null,
          null,
          1,
          null,
          null,
          null,
          null,
          null,
          null,
          null
        ]
      },
      "/Users/jimmyjurado/Turing/3mod/projects/challenges/rails_engine_fe_7/config/initializers/assets.rb": {
        "lines": [
          null,
          null,
          null,
          1,
          null,
          null,
          null,
          null,
          null,
          null,
          null,
          null
        ]
      },
      "/Users/jimmyjurado/Turing/3mod/projects/challenges/rails_engine_fe_7/config/initializers/content_security_policy.rb": {
        "lines": [
          null,
          null,
          null,
          null,
          null,
          null,
          null,
          null,
          null,
          null,
          null,
          null,
          null,
          null,
          null,
          null,
          null,
          null,
          null,
          null,
          null,
          null,
          null,
          null,
          null
        ]
      },
      "/Users/jimmyjurado/Turing/3mod/projects/challenges/rails_engine_fe_7/config/initializers/filter_parameter_logging.rb": {
        "lines": [
          null,
          null,
          null,
          null,
          null,
          1,
          null,
          null
        ]
      },
      "/Users/jimmyjurado/Turing/3mod/projects/challenges/rails_engine_fe_7/config/initializers/inflections.rb": {
        "lines": [
          null,
          null,
          null,
          null,
          null,
          null,
          null,
          null,
          null,
          null,
          null,
          null,
          null,
          null,
          null,
          null
        ]
      },
      "/Users/jimmyjurado/Turing/3mod/projects/challenges/rails_engine_fe_7/config/initializers/permissions_policy.rb": {
        "lines": [
          null,
          null,
          null,
          null,
          null,
          null,
          null,
          null,
          null,
          null,
          null
        ]
      },
      "/Users/jimmyjurado/Turing/3mod/projects/challenges/rails_engine_fe_7/config/routes.rb": {
        "lines": [
          1,
          null,
          null,
          null,
          null,
          null,
          1,
          null,
          null
        ]
      },
      "/Users/jimmyjurado/Turing/3mod/projects/challenges/rails_engine_fe_7/app/helpers/application_helper.rb": {
        "lines": [
          1,
          null
        ]
      },
      "/Users/jimmyjurado/Turing/3mod/projects/challenges/rails_engine_fe_7/spec/features/merchants/show_spec.rb": {
        "lines": [
          1,
          null,
          1,
          1,
          1,
          1,
          null,
          1,
          null,
          null,
          1,
          1,
          null,
          1,
          1,
          1,
          1,
          1,
          null,
          null,
          null,
          null
        ]
      },
      "/Users/jimmyjurado/Turing/3mod/projects/challenges/rails_engine_fe_7/app/facades/merchants_facade.rb": {
        "lines": [
          1,
          1,
          6,
          null,
          6,
          null,
          6,
          600,
          null,
          null,
          null,
          1,
          2,
          null,
          2,
          2,
          null,
          null,
          1,
          2,
          null,
          2,
          null,
          2,
          30,
          null,
          null,
          null
        ]
      },
      "/Users/jimmyjurado/Turing/3mod/projects/challenges/rails_engine_fe_7/app/services/merchants_service.rb": {
        "lines": [
          1,
          1,
          6,
          null,
          null,
          1,
          2,
          null,
          null,
          1,
          2,
          null,
          null,
          1,
          10,
          10,
          null,
          null,
          1,
          10,
          null,
          null,
          null,
          null
        ]
      },
      "/Users/jimmyjurado/Turing/3mod/projects/challenges/rails_engine_fe_7/app/poros/merchant.rb": {
        "lines": [
          1,
          1,
          null,
          null,
          1,
          602,
          602,
          null,
          null
        ]
      },
      "/Users/jimmyjurado/Turing/3mod/projects/challenges/rails_engine_fe_7/app/controllers/merchants_controller.rb": {
        "lines": [
          1,
          1,
          3,
          null,
          null,
          1,
          2,
          2,
          null,
          null
        ]
      },
      "/Users/jimmyjurado/Turing/3mod/projects/challenges/rails_engine_fe_7/app/controllers/application_controller.rb": {
        "lines": [
          1,
          null
        ]
      },
      "/Users/jimmyjurado/Turing/3mod/projects/challenges/rails_engine_fe_7/app/poros/item.rb": {
        "lines": [
          1,
          1,
          null,
          null,
          null,
          null,
          1,
          30,
          30,
          30,
          30,
          null,
          null
        ]
      }
    },
    "timestamp": 1689900282
  }
}
